<?xml version="1.0" encoding="UTF-8"?>
<!-- Generated by org.testng.reporters.JUnitReportReporter -->
<testsuite hostname="LAPTOP-RT0L2A88" failures="0" tests="1" name="com.generic.Login" time="3.838" errors="0" timestamp="2023-06-04T14:28:52 EDT" skipped="0">
  <testcase classname="com.generic.Login" name="getLogin" time="3.838"/>
  <system-out/>
</testsuite> <!-- com.generic.Login -->
