<?xml version="1.0" encoding="UTF-8"?>
<!-- Generated by org.testng.reporters.JUnitReportReporter -->
<testsuite hostname="LAPTOP-RT0L2A88" failures="0" tests="2" name="com.regression.CucumberRunner" time="4.989" errors="0" timestamp="2023-07-04T12:05:52 EDT" skipped="0">
  <testcase classname="com.regression.CucumberRunner" name="runScenario" time="1.812"/>
  <system-out/>
  <testcase classname="com.regression.CucumberRunner" name="runScenario" time="3.177"/>
  <system-out/>
</testsuite> <!-- com.regression.CucumberRunner -->
